# Logfile created on 2015-01-11 21:32:02 +0000 by logger.rb/41954
I, [2015-01-11T21:32:02.888970 #16091]  INFO -- : ...FF..F.F.F..

Failures:

  1) Unixoid test 4. should have 'List of env vars that begin with T' on first line of t-vars.env
     Failure/Error: expect(lines.shift).to match(/^List of env vars that begin with T$/i)
       expected "List of env vars that begin with T /n \n" to match /^List of env vars that begin with T$/i
       Diff:
       @@ -1,2 +1,2 @@
       -/^List of env vars that begin with T$/i
       +List of env vars that begin with T /n 
     # /Library/Ruby/Gems/2.0.0/gems/unixoid-challenge-0.1.1/challenge_spec.rb:19:in `block (2 levels) in <top (required)>'

  2) Unixoid test 5. should have the list of env vars that begin with T in t-vars.env
     Failure/Error: expect(lines.map{|l| l[0]}.uniq).to eq(['T'])
       
       expected: ["T"]
            got: ["L", "\n", "H", "S", "T", "/"]
       
       (compared using ==)
       
       Diff:
       
       @@ -1,2 +1,7 @@
       +L
       +\n
       +H
       +S
        T
       +/
     # /Library/Ruby/Gems/2.0.0/gems/unixoid-challenge-0.1.1/challenge_spec.rb:26:in `block (2 levels) in <top (required)>'

  3) Unixoid test 8. should have t-vars.count in my/public/files with an overall count
     Failure/Error: expect(File.read('my/public/files/t-vars.count')).to match(/^Overall count:\s+\d+\s*$/i)
       expected "       6\n" to match /^Overall count:\s+\d+\s*$/i
       Diff:
       @@ -1,2 +1,2 @@
       -/^Overall count:\s+\d+\s*$/i
       +       6
     # /Library/Ruby/Gems/2.0.0/gems/unixoid-challenge-0.1.1/challenge_spec.rb:39:in `block (2 levels) in <top (required)>'

  4) Unixoid test 10. should only allow the owner to change into my/private/files
     Failure/Error: expect(permissions & 0000010).to eq(0)
       
       expected: 0
            got: 8
       
       (compared using ==)
     # /Library/Ruby/Gems/2.0.0/gems/unixoid-challenge-0.1.1/challenge_spec.rb:52:in `block (2 levels) in <top (required)>'

  5) Unixoid test 12. should have the count of text files in my/public/files/text-files-count.txt
     Failure/Error: expect(File.read('my/public/files/text-files-count.txt')).to match(/^\s*\d{2,6}\s*$/)
       expected "" to match /^\s*\d{2,6}\s*$/
       Diff:
       @@ -1,2 +1,2 @@
       -/^\s*\d{2,6}\s*$/
       +""
     # /Library/Ruby/Gems/2.0.0/gems/unixoid-challenge-0.1.1/challenge_spec.rb:62:in `block (2 levels) in <top (required)>'

Finished in 0.01253 seconds (files took 0.10215 seconds to load)
14 examples, 5 failures

Failed examples:

rspec /Library/Ruby/Gems/2.0.0/gems/unixoid-challenge-0.1.1/challenge_spec.rb:17 # Unixoid test 4. should have 'List of env vars that begin with T' on first line of t-vars.env
rspec /Library/Ruby/Gems/2.0.0/gems/unixoid-challenge-0.1.1/challenge_spec.rb:22 # Unixoid test 5. should have the list of env vars that begin with T in t-vars.env
rspec /Library/Ruby/Gems/2.0.0/gems/unixoid-challenge-0.1.1/challenge_spec.rb:37 # Unixoid test 8. should have t-vars.count in my/public/files with an overall count
rspec /Library/Ruby/Gems/2.0.0/gems/unixoid-challenge-0.1.1/challenge_spec.rb:48 # Unixoid test 10. should only allow the owner to change into my/private/files
rspec /Library/Ruby/Gems/2.0.0/gems/unixoid-challenge-0.1.1/challenge_spec.rb:61 # Unixoid test 12. should have the count of text files in my/public/files/text-files-count.txt

I, [2015-01-11T21:32:11.557877 #16091]  INFO -- : {
  "message": "Validation Failed",
  "errors": [
    {
      "resource": "Repository",
      "code": "custom",
      "field": "name",
      "message": "name already exists on this account"
    }
  ],
  "documentation_url": "https://developer.github.com/v3/repos/#create"
}

I, [2015-01-11T21:32:11.567255 #16091]  INFO -- : rizcube@gmail.com

I, [2015-01-11T21:32:11.575273 #16091]  INFO -- : Rizwan Ali

I, [2015-01-11T21:32:11.589203 #16091]  INFO -- : Initialized empty Git repository in /Users/rizcube/temp/.git/

I, [2015-01-11T21:32:11.598000 #16091]  INFO -- : 
I, [2015-01-11T21:32:11.608938 #16091]  INFO -- : [master (root-commit) e63ac32] Unixoid submission
 1 file changed, 1 insertion(+)
 create mode 100644 unixoid_results.txt

I, [2015-01-11T21:32:11.618044 #16091]  INFO -- : 
I, [2015-01-11T21:32:13.653589 #16091]  INFO -- : Branch master set up to track remote branch master from origin.

I, [2015-01-11T21:32:13.663240 #16091]  INFO -- : 
I, [2015-01-11T21:45:25.919756 #16180]  INFO -- : ...FF..F.F.F..

Failures:

  1) Unixoid test 4. should have 'List of env vars that begin with T' on first line of t-vars.env
     Failure/Error: expect(lines.shift).to match(/^List of env vars that begin with T$/i)
       expected "List of env vars that begin with T /n \n" to match /^List of env vars that begin with T$/i
       Diff:
       @@ -1,2 +1,2 @@
       -/^List of env vars that begin with T$/i
       +List of env vars that begin with T /n 
     # /Library/Ruby/Gems/2.0.0/gems/unixoid-challenge-0.1.1/challenge_spec.rb:19:in `block (2 levels) in <top (required)>'

  2) Unixoid test 5. should have the list of env vars that begin with T in t-vars.env
     Failure/Error: expect(lines.map{|l| l[0]}.uniq).to eq(['T'])
       
       expected: ["T"]
            got: ["L", "\n", "H", "S", "T", "/"]
       
       (compared using ==)
       
       Diff:
       
       @@ -1,2 +1,7 @@
       +L
       +\n
       +H
       +S
        T
       +/
     # /Library/Ruby/Gems/2.0.0/gems/unixoid-challenge-0.1.1/challenge_spec.rb:26:in `block (2 levels) in <top (required)>'

  3) Unixoid test 8. should have t-vars.count in my/public/files with an overall count
     Failure/Error: expect(File.read('my/public/files/t-vars.count')).to match(/^Overall count:\s+\d+\s*$/i)
       expected "       6\n" to match /^Overall count:\s+\d+\s*$/i
       Diff:
       @@ -1,2 +1,2 @@
       -/^Overall count:\s+\d+\s*$/i
       +       6
     # /Library/Ruby/Gems/2.0.0/gems/unixoid-challenge-0.1.1/challenge_spec.rb:39:in `block (2 levels) in <top (required)>'

  4) Unixoid test 10. should only allow the owner to change into my/private/files
     Failure/Error: expect(permissions & 0000010).to eq(0)
       
       expected: 0
            got: 8
       
       (compared using ==)
     # /Library/Ruby/Gems/2.0.0/gems/unixoid-challenge-0.1.1/challenge_spec.rb:52:in `block (2 levels) in <top (required)>'

  5) Unixoid test 12. should have the count of text files in my/public/files/text-files-count.txt
     Failure/Error: expect(File.read('my/public/files/text-files-count.txt')).to match(/^\s*\d{2,6}\s*$/)
       expected "      61 git_notes.txt\n       0 test.txt\n       1 unixoid_results.txt\n      62 total\n" to match /^\s*\d{2,6}\s*$/
       Diff:
       @@ -1,2 +1,5 @@
       -/^\s*\d{2,6}\s*$/
       +      61 git_notes.txt
       +       0 test.txt
       +       1 unixoid_results.txt
       +      62 total
     # /Library/Ruby/Gems/2.0.0/gems/unixoid-challenge-0.1.1/challenge_spec.rb:62:in `block (2 levels) in <top (required)>'

Finished in 0.01448 seconds (files took 0.10348 seconds to load)
14 examples, 5 failures

Failed examples:

rspec /Library/Ruby/Gems/2.0.0/gems/unixoid-challenge-0.1.1/challenge_spec.rb:17 # Unixoid test 4. should have 'List of env vars that begin with T' on first line of t-vars.env
rspec /Library/Ruby/Gems/2.0.0/gems/unixoid-challenge-0.1.1/challenge_spec.rb:22 # Unixoid test 5. should have the list of env vars that begin with T in t-vars.env
rspec /Library/Ruby/Gems/2.0.0/gems/unixoid-challenge-0.1.1/challenge_spec.rb:37 # Unixoid test 8. should have t-vars.count in my/public/files with an overall count
rspec /Library/Ruby/Gems/2.0.0/gems/unixoid-challenge-0.1.1/challenge_spec.rb:48 # Unixoid test 10. should only allow the owner to change into my/private/files
rspec /Library/Ruby/Gems/2.0.0/gems/unixoid-challenge-0.1.1/challenge_spec.rb:61 # Unixoid test 12. should have the count of text files in my/public/files/text-files-count.txt

I, [2015-01-11T21:45:33.000271 #16180]  INFO -- : {
  "message": "Validation Failed",
  "errors": [
    {
      "resource": "Repository",
      "code": "custom",
      "field": "name",
      "message": "name already exists on this account"
    }
  ],
  "documentation_url": "https://developer.github.com/v3/repos/#create"
}

I, [2015-01-11T21:45:33.011024 #16180]  INFO -- : rizcube@gmail.com

I, [2015-01-11T21:45:33.018990 #16180]  INFO -- : Rizwan Ali

I, [2015-01-11T21:45:33.027879 #16180]  INFO -- : Reinitialized existing Git repository in /Users/rizcube/temp/.git/

I, [2015-01-11T21:45:33.037655 #16180]  INFO -- : 
E, [2015-01-11T21:45:33.048696 #16180] ERROR -- : Command 'git commit -m 'Unixoid submission'  2>/dev/null' returned 1. Expected 0
Here is the command output:

On branch master
Untracked files:
	challenge.rb
	challenge.txt
	logfile.log
	my/

nothing added to commit but untracked files present

I, [2015-01-11T21:45:33.057978 #16180]  INFO -- : 
I, [2015-01-11T21:45:35.138675 #16180]  INFO -- : Branch master set up to track remote branch master from origin.

I, [2015-01-11T21:45:35.148829 #16180]  INFO -- : 
I, [2015-01-11T21:49:41.247121 #16221]  INFO -- : .......F.F.F..

Failures:

  1) Unixoid test 8. should have t-vars.count in my/public/files with an overall count
     Failure/Error: expect(File.read('my/public/files/t-vars.count')).to match(/^Overall count:\s+\d+\s*$/i)
       expected "       6\n" to match /^Overall count:\s+\d+\s*$/i
       Diff:
       @@ -1,2 +1,2 @@
       -/^Overall count:\s+\d+\s*$/i
       +       6
     # /Library/Ruby/Gems/2.0.0/gems/unixoid-challenge-0.1.1/challenge_spec.rb:39:in `block (2 levels) in <top (required)>'

  2) Unixoid test 10. should only allow the owner to change into my/private/files
     Failure/Error: expect(permissions & 0000010).to eq(0)
       
       expected: 0
            got: 8
       
       (compared using ==)
     # /Library/Ruby/Gems/2.0.0/gems/unixoid-challenge-0.1.1/challenge_spec.rb:52:in `block (2 levels) in <top (required)>'

  3) Unixoid test 12. should have the count of text files in my/public/files/text-files-count.txt
     Failure/Error: expect(File.read('my/public/files/text-files-count.txt')).to match(/^\s*\d{2,6}\s*$/)
       expected "      61 git_notes.txt\n       0 test.txt\n       1 unixoid_results.txt\n      62 total\n" to match /^\s*\d{2,6}\s*$/
       Diff:
       @@ -1,2 +1,5 @@
       -/^\s*\d{2,6}\s*$/
       +      61 git_notes.txt
       +       0 test.txt
       +       1 unixoid_results.txt
       +      62 total
     # /Library/Ruby/Gems/2.0.0/gems/unixoid-challenge-0.1.1/challenge_spec.rb:62:in `block (2 levels) in <top (required)>'

Finished in 0.01049 seconds (files took 0.107 seconds to load)
14 examples, 3 failures

Failed examples:

rspec /Library/Ruby/Gems/2.0.0/gems/unixoid-challenge-0.1.1/challenge_spec.rb:37 # Unixoid test 8. should have t-vars.count in my/public/files with an overall count
rspec /Library/Ruby/Gems/2.0.0/gems/unixoid-challenge-0.1.1/challenge_spec.rb:48 # Unixoid test 10. should only allow the owner to change into my/private/files
rspec /Library/Ruby/Gems/2.0.0/gems/unixoid-challenge-0.1.1/challenge_spec.rb:61 # Unixoid test 12. should have the count of text files in my/public/files/text-files-count.txt

I, [2015-01-11T21:49:49.067740 #16221]  INFO -- : {
  "message": "Validation Failed",
  "errors": [
    {
      "resource": "Repository",
      "code": "custom",
      "field": "name",
      "message": "name already exists on this account"
    }
  ],
  "documentation_url": "https://developer.github.com/v3/repos/#create"
}

I, [2015-01-11T21:49:49.077266 #16221]  INFO -- : rizcube@gmail.com

I, [2015-01-11T21:49:49.085314 #16221]  INFO -- : Rizwan Ali

I, [2015-01-11T21:49:49.095215 #16221]  INFO -- : Reinitialized existing Git repository in /Users/rizcube/temp/.git/

I, [2015-01-11T21:49:49.103974 #16221]  INFO -- : 
I, [2015-01-11T21:49:49.116358 #16221]  INFO -- : [master eec3a86] Unixoid submission
 1 file changed, 1 insertion(+), 1 deletion(-)

I, [2015-01-11T21:49:49.125739 #16221]  INFO -- : 
I, [2015-01-11T21:49:51.277810 #16221]  INFO -- : Branch master set up to track remote branch master from origin.

I, [2015-01-11T21:49:51.287693 #16221]  INFO -- : 
I, [2015-01-11T23:24:55.968792 #16301]  INFO -- : .......F...F..

Failures:

  1) Unixoid test 8. should have t-vars.count in my/public/files with an overall count
     Failure/Error: expect(File.read('my/public/files/t-vars.count')).to match(/^Overall count:\s+\d+\s*$/i)
       expected "       6\n" to match /^Overall count:\s+\d+\s*$/i
       Diff:
       @@ -1,2 +1,2 @@
       -/^Overall count:\s+\d+\s*$/i
       +       6
     # /Library/Ruby/Gems/2.0.0/gems/unixoid-challenge-0.1.1/challenge_spec.rb:39:in `block (2 levels) in <top (required)>'

  2) Unixoid test 12. should have the count of text files in my/public/files/text-files-count.txt
     Failure/Error: expect(File.read('my/public/files/text-files-count.txt')).to match(/^\s*\d{2,6}\s*$/)
       expected "      61 git_notes.txt\n       0 test.txt\n       1 unixoid_results.txt\n      62 total\n" to match /^\s*\d{2,6}\s*$/
       Diff:
       @@ -1,2 +1,5 @@
       -/^\s*\d{2,6}\s*$/
       +      61 git_notes.txt
       +       0 test.txt
       +       1 unixoid_results.txt
       +      62 total
     # /Library/Ruby/Gems/2.0.0/gems/unixoid-challenge-0.1.1/challenge_spec.rb:62:in `block (2 levels) in <top (required)>'

Finished in 0.01598 seconds (files took 0.14351 seconds to load)
14 examples, 2 failures

Failed examples:

rspec /Library/Ruby/Gems/2.0.0/gems/unixoid-challenge-0.1.1/challenge_spec.rb:37 # Unixoid test 8. should have t-vars.count in my/public/files with an overall count
rspec /Library/Ruby/Gems/2.0.0/gems/unixoid-challenge-0.1.1/challenge_spec.rb:61 # Unixoid test 12. should have the count of text files in my/public/files/text-files-count.txt

I, [2015-01-11T23:25:03.711637 #16301]  INFO -- : {
  "message": "Validation Failed",
  "errors": [
    {
      "resource": "Repository",
      "code": "custom",
      "field": "name",
      "message": "name already exists on this account"
    }
  ],
  "documentation_url": "https://developer.github.com/v3/repos/#create"
}

I, [2015-01-11T23:25:03.742353 #16301]  INFO -- : rizcube@gmail.com

I, [2015-01-11T23:25:03.750719 #16301]  INFO -- : Rizwan Ali

I, [2015-01-11T23:25:03.761687 #16301]  INFO -- : Reinitialized existing Git repository in /Users/rizcube/temp/.git/

I, [2015-01-11T23:25:03.773479 #16301]  INFO -- : 
I, [2015-01-11T23:25:03.787520 #16301]  INFO -- : [master e7264f1] Unixoid submission
 1 file changed, 1 insertion(+), 1 deletion(-)

I, [2015-01-11T23:25:03.798617 #16301]  INFO -- : 
I, [2015-01-11T23:25:05.836332 #16301]  INFO -- : Branch master set up to track remote branch master from origin.

I, [2015-01-11T23:25:05.846206 #16301]  INFO -- : 
I, [2015-01-11T23:43:04.400451 #16366]  INFO -- : .......F...F..

Failures:

  1) Unixoid test 8. should have t-vars.count in my/public/files with an overall count
     Failure/Error: expect(File.read('my/public/files/t-vars.count')).to match(/^Overall count:\s+\d+\s*$/i)
       expected "       6\n" to match /^Overall count:\s+\d+\s*$/i
       Diff:
       @@ -1,2 +1,2 @@
       -/^Overall count:\s+\d+\s*$/i
       +       6
     # /Library/Ruby/Gems/2.0.0/gems/unixoid-challenge-0.1.1/challenge_spec.rb:39:in `block (2 levels) in <top (required)>'

  2) Unixoid test 12. should have the count of text files in my/public/files/text-files-count.txt
     Failure/Error: expect(File.read('my/public/files/text-files-count.txt')).to match(/^\s*\d{2,6}\s*$/)
       expected "       3       3      43\n" to match /^\s*\d{2,6}\s*$/
       Diff:
       @@ -1,2 +1,2 @@
       -/^\s*\d{2,6}\s*$/
       +       3       3      43
     # /Library/Ruby/Gems/2.0.0/gems/unixoid-challenge-0.1.1/challenge_spec.rb:62:in `block (2 levels) in <top (required)>'

Finished in 0.01601 seconds (files took 0.14896 seconds to load)
14 examples, 2 failures

Failed examples:

rspec /Library/Ruby/Gems/2.0.0/gems/unixoid-challenge-0.1.1/challenge_spec.rb:37 # Unixoid test 8. should have t-vars.count in my/public/files with an overall count
rspec /Library/Ruby/Gems/2.0.0/gems/unixoid-challenge-0.1.1/challenge_spec.rb:61 # Unixoid test 12. should have the count of text files in my/public/files/text-files-count.txt

I, [2015-01-11T23:43:11.716156 #16366]  INFO -- : {
  "message": "Validation Failed",
  "errors": [
    {
      "resource": "Repository",
      "code": "custom",
      "field": "name",
      "message": "name already exists on this account"
    }
  ],
  "documentation_url": "https://developer.github.com/v3/repos/#create"
}

I, [2015-01-11T23:43:11.751103 #16366]  INFO -- : rizcube@gmail.com

I, [2015-01-11T23:43:11.759593 #16366]  INFO -- : Rizwan Ali

I, [2015-01-11T23:43:11.771623 #16366]  INFO -- : Reinitialized existing Git repository in /Users/rizcube/temp/.git/

I, [2015-01-11T23:43:11.784137 #16366]  INFO -- : 
E, [2015-01-11T23:43:11.795662 #16366] ERROR -- : Command 'git commit -m 'Unixoid submission'  2>/dev/null' returned 1. Expected 0
Here is the command output:

On branch master
Untracked files:
	challenge.rb
	challenge.txt
	logfile.log
	my/

nothing added to commit but untracked files present

I, [2015-01-11T23:43:11.807133 #16366]  INFO -- : 
I, [2015-01-11T23:43:12.992100 #16366]  INFO -- : Branch master set up to track remote branch master from origin.

I, [2015-01-11T23:43:13.000907 #16366]  INFO -- : 
I, [2015-01-11T23:45:42.825058 #16440]  INFO -- : .......F...F..

Failures:

  1) Unixoid test 8. should have t-vars.count in my/public/files with an overall count
     Failure/Error: expect(File.read('my/public/files/t-vars.count')).to match(/^Overall count:\s+\d+\s*$/i)
       expected "       6\n" to match /^Overall count:\s+\d+\s*$/i
       Diff:
       @@ -1,2 +1,2 @@
       -/^Overall count:\s+\d+\s*$/i
       +       6
     # /Library/Ruby/Gems/2.0.0/gems/unixoid-challenge-0.1.1/challenge_spec.rb:39:in `block (2 levels) in <top (required)>'

  2) Unixoid test 12. should have the count of text files in my/public/files/text-files-count.txt
     Failure/Error: expect(File.read('my/public/files/text-files-count.txt')).to match(/^\s*\d{2,6}\s*$/)
       expected "\n       3       3      43\n" to match /^\s*\d{2,6}\s*$/
       Diff:
       @@ -1,2 +1,3 @@
       -/^\s*\d{2,6}\s*$/
       +
       +       3       3      43
     # /Library/Ruby/Gems/2.0.0/gems/unixoid-challenge-0.1.1/challenge_spec.rb:62:in `block (2 levels) in <top (required)>'

Finished in 0.01076 seconds (files took 0.10302 seconds to load)
14 examples, 2 failures

Failed examples:

rspec /Library/Ruby/Gems/2.0.0/gems/unixoid-challenge-0.1.1/challenge_spec.rb:37 # Unixoid test 8. should have t-vars.count in my/public/files with an overall count
rspec /Library/Ruby/Gems/2.0.0/gems/unixoid-challenge-0.1.1/challenge_spec.rb:61 # Unixoid test 12. should have the count of text files in my/public/files/text-files-count.txt

I, [2015-01-11T23:45:49.826686 #16440]  INFO -- : {
  "message": "Validation Failed",
  "errors": [
    {
      "resource": "Repository",
      "code": "custom",
      "field": "name",
      "message": "name already exists on this account"
    }
  ],
  "documentation_url": "https://developer.github.com/v3/repos/#create"
}

I, [2015-01-11T23:45:49.836300 #16440]  INFO -- : rizcube@gmail.com

I, [2015-01-11T23:45:49.844253 #16440]  INFO -- : Rizwan Ali

I, [2015-01-11T23:45:49.853884 #16440]  INFO -- : Reinitialized existing Git repository in /Users/rizcube/temp/.git/

I, [2015-01-11T23:45:49.862540 #16440]  INFO -- : 
E, [2015-01-11T23:45:49.872095 #16440] ERROR -- : Command 'git commit -m 'Unixoid submission'  2>/dev/null' returned 1. Expected 0
Here is the command output:

On branch master
Untracked files:
	challenge.rb
	challenge.txt
	logfile.log
	my/

nothing added to commit but untracked files present

I, [2015-01-11T23:45:49.881494 #16440]  INFO -- : 
I, [2015-01-11T23:45:51.826668 #16440]  INFO -- : Branch master set up to track remote branch master from origin.

I, [2015-01-11T23:45:51.836484 #16440]  INFO -- : 
I, [2015-01-11T23:56:16.640338 #16534]  INFO -- : .......F...F..

Failures:

  1) Unixoid test 8. should have t-vars.count in my/public/files with an overall count
     Failure/Error: expect(File.read('my/public/files/t-vars.count')).to match(/^Overall count:\s+\d+\s*$/i)
       expected "       6\n" to match /^Overall count:\s+\d+\s*$/i
       Diff:
       @@ -1,2 +1,2 @@
       -/^Overall count:\s+\d+\s*$/i
       +       6
     # /Library/Ruby/Gems/2.0.0/gems/unixoid-challenge-0.1.1/challenge_spec.rb:39:in `block (2 levels) in <top (required)>'

  2) Unixoid test 12. should have the count of text files in my/public/files/text-files-count.txt
     Failure/Error: expect(File.read('my/public/files/text-files-count.txt')).to match(/^\s*\d{2,6}\s*$/)
       expected "     101     110    1461\n" to match /^\s*\d{2,6}\s*$/
       Diff:
       @@ -1,2 +1,2 @@
       -/^\s*\d{2,6}\s*$/
       +     101     110    1461
     # /Library/Ruby/Gems/2.0.0/gems/unixoid-challenge-0.1.1/challenge_spec.rb:62:in `block (2 levels) in <top (required)>'

Finished in 0.01398 seconds (files took 0.10195 seconds to load)
14 examples, 2 failures

Failed examples:

rspec /Library/Ruby/Gems/2.0.0/gems/unixoid-challenge-0.1.1/challenge_spec.rb:37 # Unixoid test 8. should have t-vars.count in my/public/files with an overall count
rspec /Library/Ruby/Gems/2.0.0/gems/unixoid-challenge-0.1.1/challenge_spec.rb:61 # Unixoid test 12. should have the count of text files in my/public/files/text-files-count.txt

I, [2015-01-11T23:56:24.022054 #16534]  INFO -- : {
  "message": "Validation Failed",
  "errors": [
    {
      "resource": "Repository",
      "code": "custom",
      "field": "name",
      "message": "name already exists on this account"
    }
  ],
  "documentation_url": "https://developer.github.com/v3/repos/#create"
}

I, [2015-01-11T23:56:24.051617 #16534]  INFO -- : rizcube@gmail.com

I, [2015-01-11T23:56:24.059940 #16534]  INFO -- : Rizwan Ali

I, [2015-01-11T23:56:24.070868 #16534]  INFO -- : Reinitialized existing Git repository in /Users/rizcube/temp/.git/

I, [2015-01-11T23:56:24.081554 #16534]  INFO -- : 
E, [2015-01-11T23:56:24.093065 #16534] ERROR -- : Command 'git commit -m 'Unixoid submission'  2>/dev/null' returned 1. Expected 0
Here is the command output:

On branch master
Untracked files:
	challenge.rb
	challenge.txt
	logfile.log
	my/

nothing added to commit but untracked files present

I, [2015-01-11T23:56:24.103575 #16534]  INFO -- : 
I, [2015-01-11T23:56:25.300285 #16534]  INFO -- : Branch master set up to track remote branch master from origin.

I, [2015-01-11T23:56:25.309252 #16534]  INFO -- : 
I, [2015-01-12T00:02:58.448733 #16641]  INFO -- : .......F...F..

Failures:

  1) Unixoid test 8. should have t-vars.count in my/public/files with an overall count
     Failure/Error: expect(File.read('my/public/files/t-vars.count')).to match(/^Overall count:\s+\d+\s*$/i)
       expected "       6\n" to match /^Overall count:\s+\d+\s*$/i
       Diff:
       @@ -1,2 +1,2 @@
       -/^Overall count:\s+\d+\s*$/i
       +       6
     # /Library/Ruby/Gems/2.0.0/gems/unixoid-challenge-0.1.1/challenge_spec.rb:39:in `block (2 levels) in <top (required)>'

  2) Unixoid test 12. should have the count of text files in my/public/files/text-files-count.txt
     Failure/Error: expect(File.read('my/public/files/text-files-count.txt')).to match(/^\s*\d{2,6}\s*$/)
       expected "     101     110    1461\n" to match /^\s*\d{2,6}\s*$/
       Diff:
       @@ -1,2 +1,2 @@
       -/^\s*\d{2,6}\s*$/
       +     101     110    1461
     # /Library/Ruby/Gems/2.0.0/gems/unixoid-challenge-0.1.1/challenge_spec.rb:62:in `block (2 levels) in <top (required)>'

Finished in 0.01268 seconds (files took 0.10529 seconds to load)
14 examples, 2 failures

Failed examples:

rspec /Library/Ruby/Gems/2.0.0/gems/unixoid-challenge-0.1.1/challenge_spec.rb:37 # Unixoid test 8. should have t-vars.count in my/public/files with an overall count
rspec /Library/Ruby/Gems/2.0.0/gems/unixoid-challenge-0.1.1/challenge_spec.rb:61 # Unixoid test 12. should have the count of text files in my/public/files/text-files-count.txt

I, [2015-01-12T00:03:04.281118 #16641]  INFO -- : {
  "message": "Validation Failed",
  "errors": [
    {
      "resource": "Repository",
      "code": "custom",
      "field": "name",
      "message": "name already exists on this account"
    }
  ],
  "documentation_url": "https://developer.github.com/v3/repos/#create"
}

I, [2015-01-12T00:03:04.290472 #16641]  INFO -- : rizcube@gmail.com

I, [2015-01-12T00:03:04.298421 #16641]  INFO -- : Rizwan Ali

I, [2015-01-12T00:03:04.307884 #16641]  INFO -- : Reinitialized existing Git repository in /Users/rizcube/temp/.git/

I, [2015-01-12T00:03:04.316242 #16641]  INFO -- : 
E, [2015-01-12T00:03:04.325633 #16641] ERROR -- : Command 'git commit -m 'Unixoid submission'  2>/dev/null' returned 1. Expected 0
Here is the command output:

On branch master
Untracked files:
	challenge.rb
	challenge.txt
	logfile.log
	my/

nothing added to commit but untracked files present

I, [2015-01-12T00:03:04.334932 #16641]  INFO -- : 
I, [2015-01-12T00:03:06.339501 #16641]  INFO -- : Branch master set up to track remote branch master from origin.

I, [2015-01-12T00:03:06.349465 #16641]  INFO -- : 
I, [2015-01-12T00:12:20.307974 #16746]  INFO -- : .......F......

Failures:

  1) Unixoid test 8. should have t-vars.count in my/public/files with an overall count
     Failure/Error: expect(File.read('my/public/files/t-vars.count')).to match(/^Overall count:\s+\d+\s*$/i)
       expected "       6\n" to match /^Overall count:\s+\d+\s*$/i
       Diff:
       @@ -1,2 +1,2 @@
       -/^Overall count:\s+\d+\s*$/i
       +       6
     # /Library/Ruby/Gems/2.0.0/gems/unixoid-challenge-0.1.1/challenge_spec.rb:39:in `block (2 levels) in <top (required)>'

Finished in 0.01059 seconds (files took 0.10404 seconds to load)
14 examples, 1 failure

Failed examples:

rspec /Library/Ruby/Gems/2.0.0/gems/unixoid-challenge-0.1.1/challenge_spec.rb:37 # Unixoid test 8. should have t-vars.count in my/public/files with an overall count

I, [2015-01-12T00:12:26.440051 #16746]  INFO -- : {
  "message": "Validation Failed",
  "errors": [
    {
      "resource": "Repository",
      "code": "custom",
      "field": "name",
      "message": "name already exists on this account"
    }
  ],
  "documentation_url": "https://developer.github.com/v3/repos/#create"
}

I, [2015-01-12T00:12:26.449398 #16746]  INFO -- : rizcube@gmail.com

I, [2015-01-12T00:12:26.457206 #16746]  INFO -- : Rizwan Ali

I, [2015-01-12T00:12:26.466732 #16746]  INFO -- : Reinitialized existing Git repository in /Users/rizcube/temp/.git/

I, [2015-01-12T00:12:26.475559 #16746]  INFO -- : 
I, [2015-01-12T00:12:26.487004 #16746]  INFO -- : [master 8ba5dc0] Unixoid submission
 1 file changed, 1 insertion(+), 1 deletion(-)

I, [2015-01-12T00:12:26.496220 #16746]  INFO -- : 
I, [2015-01-12T00:12:28.461364 #16746]  INFO -- : Branch master set up to track remote branch master from origin.

I, [2015-01-12T00:12:28.471281 #16746]  INFO -- : 
